<?xml version="1.0" encoding="UTF-8"?>
<!-- Generated by org.testng.reporters.JUnitXMLReporter -->
<testsuite ignored="0" hostname="DESKTOP-5PF1RA8" failures="2" tests="2" name="Validate Title" time="40.393" errors="0" timestamp="06 Aug 2020 08:30:30 GMT">
  <testcase classname="Project.E2ESeleniumFramework.Validatetitle" name="validatetitle" time="21.221">
    <failure type="java.lang.AssertionError" message="expected [FEATURED COssURSES] but found [FEATURED COURSES]">
      <![CDATA[java.lang.AssertionError: expected [FEATURED COssURSES] but found [FEATURED COURSES]
at Project.E2ESeleniumFramework.Validatetitle.validatetitle(Validatetitle.java:36)
... Removed 31 stack frames]]>
    </failure>
  </testcase> <!-- validatetitle -->
  <testcase classname="Project.E2ESeleniumFramework.Validatetitle" name="validatetitle" time="21.347">
    <failure type="java.lang.NoSuchMethodError" message="org.apache.logging.slf4j.Log4jLoggerFactory: method &amp;lt;init&amp;gt;()V not found">
      <![CDATA[java.lang.NoSuchMethodError: org.apache.logging.slf4j.Log4jLoggerFactory: method <init>()V not found
at org.slf4j.impl.StaticLoggerBinder.<init>(StaticLoggerBinder.java:53)
at org.slf4j.impl.StaticLoggerBinder.<clinit>(StaticLoggerBinder.java:41)
at org.slf4j.LoggerFactory.bind(LoggerFactory.java:150)
at org.slf4j.LoggerFactory.performInitialization(LoggerFactory.java:124)
at org.slf4j.LoggerFactory.getILoggerFactory(LoggerFactory.java:417)
at org.slf4j.LoggerFactory.getLogger(LoggerFactory.java:362)
at org.apache.logging.slf4j.SLF4JLoggerContext.getLogger(SLF4JLoggerContext.java:39)
at org.apache.logging.log4j.jcl.LogAdapter.newLogger(LogAdapter.java:34)
at org.apache.logging.log4j.jcl.LogAdapter.newLogger(LogAdapter.java:30)
at org.apache.logging.log4j.spi.AbstractLoggerAdapter.getLogger(AbstractLoggerAdapter.java:54)
at org.apache.logging.log4j.jcl.LogFactoryImpl.getInstance(LogFactoryImpl.java:40)
at org.apache.logging.log4j.jcl.LogFactoryImpl.getInstance(LogFactoryImpl.java:55)
at org.apache.commons.logging.LogFactory.getLog(LogFactory.java:655)
at org.apache.http.impl.client.CloseableHttpClient.<init>(CloseableHttpClient.java:59)
at org.apache.http.impl.client.AbstractHttpClient.<init>(AbstractHttpClient.java:232)
at org.apache.http.impl.client.DefaultHttpClient.<init>(DefaultHttpClient.java:148)
at net.rcarz.jiraclient.JiraClient.<init>(JiraClient.java:56)
at Jira.JiraServiceProvider.<init>(JiraServiceProvider.java:17)
at Listenersjira.JiraTestListener.onTestFailure(JiraTestListener.java:31)
... Removed 22 stack frames]]>
    </failure>
  </testcase> <!-- validatetitle -->
</testsuite> <!-- Validate Title -->
