<?xml version="1.0" encoding="UTF-8"?>
<testng-results ignored="0" total="1" passed="1" failed="0" skipped="0">
  <reporter-output>
  </reporter-output>
  <suite started-at="2021-07-26T07:01:18Z" name="Default suite" finished-at="2021-07-26T07:01:34Z" duration-ms="16556">
    <groups>
    </groups>
    <test started-at="2021-07-26T07:01:18Z" name="Default test" finished-at="2021-07-26T07:01:34Z" duration-ms="16556">
      <class name="Project.E2ESeleniumFramework.SauceLabsTest">
        <test-method signature="saucetest()[pri:0, instance:Project.E2ESeleniumFramework.SauceLabsTest@7c711375]" started-at="2021-07-26T07:01:18Z" name="saucetest" finished-at="2021-07-26T07:01:34Z" duration-ms="16527" status="PASS">
          <reporter-output>
          </reporter-output>
        </test-method> <!-- saucetest -->
      </class> <!-- Project.E2ESeleniumFramework.SauceLabsTest -->
    </test> <!-- Default test -->
  </suite> <!-- Default suite -->
</testng-results>
