<?xml version="1.0" encoding="UTF-8"?>
<testng-results ignored="0" total="1" passed="0" failed="1" skipped="0">
  <reporter-output>
  </reporter-output>
  <suite started-at="2020-08-06T08:29:50Z" name="Suite" finished-at="2020-08-06T08:30:30Z" duration-ms="40393">
    <groups>
    </groups>
    <test started-at="2020-08-06T08:29:50Z" name="Validate Title" finished-at="2020-08-06T08:30:30Z" duration-ms="40393">
      <class name="Project.E2ESeleniumFramework.Validatetitle">
        <test-method is-config="true" signature="initialize()[pri:0, instance:Project.E2ESeleniumFramework.Validatetitle@550dbc7a]" started-at="2020-08-06T08:29:50Z" name="initialize" finished-at="2020-08-06T08:30:04Z" duration-ms="14698" status="PASS">
          <reporter-output>
          </reporter-output>
        </test-method> <!-- initialize -->
        <test-method signature="validatetitle()[pri:0, instance:Project.E2ESeleniumFramework.Validatetitle@550dbc7a]" started-at="2020-08-06T08:30:04Z" name="validatetitle" finished-at="2020-08-06T08:30:26Z" duration-ms="21347" status="FAIL">
          <exception class="java.lang.NoSuchMethodError">
            <message>
              <![CDATA[org.apache.logging.slf4j.Log4jLoggerFactory: method <init>()V not found]]>
            </message>
            <full-stacktrace>
              <![CDATA[java.lang.NoSuchMethodError: org.apache.logging.slf4j.Log4jLoggerFactory: method <init>()V not found
at org.slf4j.impl.StaticLoggerBinder.<init>(StaticLoggerBinder.java:53)
at org.slf4j.impl.StaticLoggerBinder.<clinit>(StaticLoggerBinder.java:41)
at org.slf4j.LoggerFactory.bind(LoggerFactory.java:150)
at org.slf4j.LoggerFactory.performInitialization(LoggerFactory.java:124)
at org.slf4j.LoggerFactory.getILoggerFactory(LoggerFactory.java:417)
at org.slf4j.LoggerFactory.getLogger(LoggerFactory.java:362)
at org.apache.logging.slf4j.SLF4JLoggerContext.getLogger(SLF4JLoggerContext.java:39)
at org.apache.logging.log4j.jcl.LogAdapter.newLogger(LogAdapter.java:34)
at org.apache.logging.log4j.jcl.LogAdapter.newLogger(LogAdapter.java:30)
at org.apache.logging.log4j.spi.AbstractLoggerAdapter.getLogger(AbstractLoggerAdapter.java:54)
at org.apache.logging.log4j.jcl.LogFactoryImpl.getInstance(LogFactoryImpl.java:40)
at org.apache.logging.log4j.jcl.LogFactoryImpl.getInstance(LogFactoryImpl.java:55)
at org.apache.commons.logging.LogFactory.getLog(LogFactory.java:655)
at org.apache.http.impl.client.CloseableHttpClient.<init>(CloseableHttpClient.java:59)
at org.apache.http.impl.client.AbstractHttpClient.<init>(AbstractHttpClient.java:232)
at org.apache.http.impl.client.DefaultHttpClient.<init>(DefaultHttpClient.java:148)
at net.rcarz.jiraclient.JiraClient.<init>(JiraClient.java:56)
at Jira.JiraServiceProvider.<init>(JiraServiceProvider.java:17)
at Listenersjira.JiraTestListener.onTestFailure(JiraTestListener.java:31)
at org.testng.internal.TestListenerHelper.runTestListeners(TestListenerHelper.java:67)
at org.testng.internal.Invoker.runTestListeners(Invoker.java:1388)
at org.testng.internal.Invoker.invokeMethod(Invoker.java:633)
at org.testng.internal.Invoker.invokeTestMethod(Invoker.java:716)
at org.testng.internal.Invoker.invokeTestMethods(Invoker.java:988)
at org.testng.internal.TestMethodWorker.invokeTestMethods(TestMethodWorker.java:125)
at org.testng.internal.TestMethodWorker.run(TestMethodWorker.java:109)
at org.testng.TestRunner.privateRun(TestRunner.java:648)
at org.testng.TestRunner.run(TestRunner.java:505)
at org.testng.SuiteRunner.runTest(SuiteRunner.java:455)
at org.testng.SuiteRunner.runSequentially(SuiteRunner.java:450)
at org.testng.SuiteRunner.privateRun(SuiteRunner.java:415)
at org.testng.SuiteRunner.run(SuiteRunner.java:364)
at org.testng.SuiteRunnerWorker.runSuite(SuiteRunnerWorker.java:52)
at org.testng.SuiteRunnerWorker.run(SuiteRunnerWorker.java:84)
at org.testng.TestNG.runSuitesSequentially(TestNG.java:1208)
at org.testng.TestNG.runSuitesLocally(TestNG.java:1137)
at org.testng.TestNG.runSuites(TestNG.java:1049)
at org.testng.TestNG.run(TestNG.java:1017)
at org.testng.remote.AbstractRemoteTestNG.run(AbstractRemoteTestNG.java:114)
at org.testng.remote.RemoteTestNG.initAndRun(RemoteTestNG.java:251)
at org.testng.remote.RemoteTestNG.main(RemoteTestNG.java:77)
]]>
            </full-stacktrace>
          </exception> <!-- java.lang.NoSuchMethodError -->
          <reporter-output>
          </reporter-output>
        </test-method> <!-- validatetitle -->
        <test-method is-config="true" signature="teardown()[pri:0, instance:Project.E2ESeleniumFramework.Validatetitle@550dbc7a]" started-at="2020-08-06T08:30:29Z" name="teardown" finished-at="2020-08-06T08:30:30Z" duration-ms="1419" status="PASS">
          <reporter-output>
          </reporter-output>
        </test-method> <!-- teardown -->
      </class> <!-- Project.E2ESeleniumFramework.Validatetitle -->
    </test> <!-- Validate Title -->
  </suite> <!-- Suite -->
</testng-results>
